Using pre-set license
Built from '2020.3/staging' branch; Version is '2020.3.9f1 (108be757e447) revision 1084391'; Using compiler version '192528614'; Build Type 'Release'
OS: 'Windows 10 Home Single Language; OS build 19043.1055; Version 2009; 64bit' Language: 'es' Physical Memory: 16191 MB
BatchMode: 1, IsHumanControllingUs: 0, StartBugReporterOnCrash: 0, Is64bit: 1, IsPro: 0

 COMMAND LINE ARGUMENTS:
C:\Program Files\Unity\Hub\Editor\2020.3.9f1\Editor\Unity.exe
-adb2
-batchMode
-noUpm
-name
AssetImportWorker0
-projectPath
C:/Proyectos/Unity Proyectos/BossNoid
-logFile
Logs/AssetImportWorker0.log
-srvPort
59403
Successfully changed project path to: C:/Proyectos/Unity Proyectos/BossNoid
C:/Proyectos/Unity Proyectos/BossNoid
Using Asset Import Pipeline V2.
Refreshing native plugins compatible for Editor in 44.93 ms, found 1 plugins.
Preloading 0 native plugins for Editor in 0.00 ms.
Initialize engine version: 2020.3.9f1 (108be757e447)
[Subsystems] Discovering subsystems at path C:/Program Files/Unity/Hub/Editor/2020.3.9f1/Editor/Data/Resources/UnitySubsystems
[Subsystems] Discovering subsystems at path C:/Proyectos/Unity Proyectos/BossNoid/Assets
GfxDevice: creating device client; threaded=0
Direct3D:
    Version:  Direct3D 11.0 [level 11.1]
    Renderer: NVIDIA GeForce GTX 1660 Ti (ID=0x2191)
    Vendor:   
    VRAM:     5991 MB
    Driver:   27.21.14.6677
Initialize mono
Mono path[0] = 'C:/Program Files/Unity/Hub/Editor/2020.3.9f1/Editor/Data/Managed'
Mono path[1] = 'C:/Program Files/Unity/Hub/Editor/2020.3.9f1/Editor/Data/MonoBleedingEdge/lib/mono/unityjit'
Mono config path = 'C:/Program Files/Unity/Hub/Editor/2020.3.9f1/Editor/Data/MonoBleedingEdge/etc'
Using monoOptions --debugger-agent=transport=dt_socket,embedding=1,server=y,suspend=n,address=127.0.0.1:56124
Begin MonoManager ReloadAssembly
Registering precompiled unity dll's ...
Register platform support module: C:/Program Files/Unity/Hub/Editor/2020.3.9f1/Editor/Data/PlaybackEngines/WindowsStandaloneSupport/UnityEditor.WindowsStandalone.Extensions.dll
Registered in 0.005923 seconds.
Native extension for WindowsStandalone target not found
Refreshing native plugins compatible for Editor in 46.32 ms, found 1 plugins.
Preloading 0 native plugins for Editor in 0.00 ms.
Mono: successfully reloaded assembly
- Completed reload, in  3.612 seconds
Platform modules already initialized, skipping
Registering precompiled user dll's ...
Registered in 0.001828 seconds.
Begin MonoManager ReloadAssembly
Native extension for WindowsStandalone target not found
Refreshing native plugins compatible for Editor in 47.09 ms, found 1 plugins.
Preloading 0 native plugins for Editor in 0.00 ms.
Mono: successfully reloaded assembly
- Completed reload, in  1.513 seconds
Platform modules already initialized, skipping
========================================================================
Worker process is ready to serve import requests
Launched and connected shader compiler UnityShaderCompiler.exe after 0.08 seconds
Refreshing native plugins compatible for Editor in 0.72 ms, found 1 plugins.
Preloading 0 native plugins for Editor in 0.00 ms.
Unloading 1822 Unused Serialized files (Serialized files now loaded: 0)
System memory in use before: 85.5 MB.
System memory in use after: 85.4 MB.

Unloading 24 unused Assets to reduce memory usage. Loaded Objects now: 2268.
Total: 3.426100 ms (FindLiveObjects: 0.271100 ms CreateObjectMapping: 0.051600 ms MarkObjects: 2.916700 ms  DeleteObjects: 0.184700 ms)

========================================================================
Received Import Request.
  path: Assets/Sprites/UI/TextBox.png
  artifactKey: Guid(902ae9904c0e81d4c8c770a189e57115) Importer(815301076,1909f56bfc062723c751e8b465ee728b)
Start importing Assets/Sprites/UI/TextBox.png using Guid(902ae9904c0e81d4c8c770a189e57115) Importer(815301076,1909f56bfc062723c751e8b465ee728b)  -> (artifact id: '0a158521025e67146e902b18075fa48d') in 0.175663 seconds
  Import took 0.179193 seconds .

========================================================================
Received Import Request.
  Time since last request: 0.000338 seconds.
  path: Assets/Sprites/UI
  artifactKey: Guid(e58b5c4b7b6cfa149b3f3d4f1a82bd44) Importer(815301076,1909f56bfc062723c751e8b465ee728b)
Start importing Assets/Sprites/UI using Guid(e58b5c4b7b6cfa149b3f3d4f1a82bd44) Importer(815301076,1909f56bfc062723c751e8b465ee728b)  -> (artifact id: '8470909ffb0111f5f6e1c14b668807de') in 0.007781 seconds
  Import took 0.011258 seconds .

========================================================================
Received Import Request.
  Time since last request: 9.629943 seconds.
  path: Assets/Sprites/UI/TextBox.png
  artifactKey: Guid(902ae9904c0e81d4c8c770a189e57115) Importer(815301076,1909f56bfc062723c751e8b465ee728b)
Start importing Assets/Sprites/UI/TextBox.png using Guid(902ae9904c0e81d4c8c770a189e57115) Importer(815301076,1909f56bfc062723c751e8b465ee728b)  -> (artifact id: 'a4cd6df0397a89e405a4cc26aa477345') in 0.020469 seconds
  Import took 0.024973 seconds .

========================================================================
Received Import Request.
  Time since last request: 0.003474 seconds.
  path: Assets/Sprites/UI/TextBox.png
  artifactKey: Guid(902ae9904c0e81d4c8c770a189e57115) Importer(815301076,1909f56bfc062723c751e8b465ee728b)
Start importing Assets/Sprites/UI/TextBox.png using Guid(902ae9904c0e81d4c8c770a189e57115) Importer(815301076,1909f56bfc062723c751e8b465ee728b)  -> (artifact id: 'a4cd6df0397a89e405a4cc26aa477345') in 0.020540 seconds
  Import took 0.024109 seconds .

========================================================================
Received Import Request.
  Time since last request: 407.647126 seconds.
  path: Assets/Pixeled.ttf
  artifactKey: Guid(63266076ff057dd4f9b5c32cff3ab6e1) Importer(815301076,1909f56bfc062723c751e8b465ee728b)
Start importing Assets/Pixeled.ttf using Guid(63266076ff057dd4f9b5c32cff3ab6e1) Importer(815301076,1909f56bfc062723c751e8b465ee728b)  -> (artifact id: '60df9d6b93804b4a83cc512ffd8ec5cd') in 0.079585 seconds
  Import took 0.083711 seconds .

========================================================================
Received Prepare
Registering precompiled user dll's ...
Registered in 0.001886 seconds.
Begin MonoManager ReloadAssembly
Native extension for WindowsStandalone target not found
Refreshing native plugins compatible for Editor in 0.44 ms, found 1 plugins.
Preloading 0 native plugins for Editor in 0.00 ms.
Mono: successfully reloaded assembly
- Completed reload, in  1.145 seconds
Platform modules already initialized, skipping
Refreshing native plugins compatible for Editor in 0.43 ms, found 1 plugins.
Preloading 0 native plugins for Editor in 0.00 ms.
Unloading 1817 Unused Serialized files (Serialized files now loaded: 0)
System memory in use before: 88.8 MB.
System memory in use after: 88.8 MB.

Unloading 12 unused Assets to reduce memory usage. Loaded Objects now: 2319.
Total: 3.252900 ms (FindLiveObjects: 0.297200 ms CreateObjectMapping: 0.069900 ms MarkObjects: 2.745600 ms  DeleteObjects: 0.137800 ms)

========================================================================
Received Prepare
Registering precompiled user dll's ...
Registered in 0.001784 seconds.
Begin MonoManager ReloadAssembly
Native extension for WindowsStandalone target not found
Refreshing native plugins compatible for Editor in 0.53 ms, found 1 plugins.
Preloading 0 native plugins for Editor in 0.00 ms.
Mono: successfully reloaded assembly
- Completed reload, in  1.388 seconds
Platform modules already initialized, skipping
Refreshing native plugins compatible for Editor in 0.59 ms, found 1 plugins.
Preloading 0 native plugins for Editor in 0.00 ms.
Unloading 1817 Unused Serialized files (Serialized files now loaded: 0)
System memory in use before: 88.8 MB.
System memory in use after: 88.8 MB.

Unloading 12 unused Assets to reduce memory usage. Loaded Objects now: 2323.
Total: 3.508700 ms (FindLiveObjects: 0.276600 ms CreateObjectMapping: 0.075700 ms MarkObjects: 3.000400 ms  DeleteObjects: 0.153900 ms)

========================================================================
Received Prepare
Registering precompiled user dll's ...
Registered in 0.001721 seconds.
Begin MonoManager ReloadAssembly
Native extension for WindowsStandalone target not found
Refreshing native plugins compatible for Editor in 0.48 ms, found 1 plugins.
Preloading 0 native plugins for Editor in 0.00 ms.
Mono: successfully reloaded assembly
- Completed reload, in  1.205 seconds
Platform modules already initialized, skipping
Refreshing native plugins compatible for Editor in 0.70 ms, found 1 plugins.
Preloading 0 native plugins for Editor in 0.00 ms.
Unloading 1817 Unused Serialized files (Serialized files now loaded: 0)
System memory in use before: 88.9 MB.
System memory in use after: 88.9 MB.

Unloading 12 unused Assets to reduce memory usage. Loaded Objects now: 2327.
Total: 2.655300 ms (FindLiveObjects: 0.248200 ms CreateObjectMapping: 0.052000 ms MarkObjects: 2.190500 ms  DeleteObjects: 0.163200 ms)

========================================================================
Received Prepare
Registering precompiled user dll's ...
Registered in 0.001920 seconds.
Begin MonoManager ReloadAssembly
Native extension for WindowsStandalone target not found
Refreshing native plugins compatible for Editor in 0.77 ms, found 1 plugins.
Preloading 0 native plugins for Editor in 0.00 ms.
Mono: successfully reloaded assembly
- Completed reload, in  1.142 seconds
Platform modules already initialized, skipping
Refreshing native plugins compatible for Editor in 0.47 ms, found 1 plugins.
Preloading 0 native plugins for Editor in 0.00 ms.
Unloading 1817 Unused Serialized files (Serialized files now loaded: 0)
System memory in use before: 88.9 MB.
System memory in use after: 88.9 MB.

Unloading 12 unused Assets to reduce memory usage. Loaded Objects now: 2331.
Total: 2.229900 ms (FindLiveObjects: 0.215700 ms CreateObjectMapping: 0.042500 ms MarkObjects: 1.837600 ms  DeleteObjects: 0.132300 ms)

========================================================================
Received Prepare
Registering precompiled user dll's ...
Registered in 0.001595 seconds.
Begin MonoManager ReloadAssembly
Native extension for WindowsStandalone target not found
Refreshing native plugins compatible for Editor in 0.49 ms, found 1 plugins.
Preloading 0 native plugins for Editor in 0.00 ms.
Mono: successfully reloaded assembly
- Completed reload, in  1.107 seconds
Platform modules already initialized, skipping
Refreshing native plugins compatible for Editor in 0.64 ms, found 1 plugins.
Preloading 0 native plugins for Editor in 0.00 ms.
Unloading 1818 Unused Serialized files (Serialized files now loaded: 0)
System memory in use before: 89.0 MB.
System memory in use after: 88.9 MB.

Unloading 12 unused Assets to reduce memory usage. Loaded Objects now: 2336.
Total: 2.947400 ms (FindLiveObjects: 0.236200 ms CreateObjectMapping: 0.059700 ms MarkObjects: 2.486800 ms  DeleteObjects: 0.162900 ms)

========================================================================
Received Import Request.
  Time since last request: 1955.396490 seconds.
  path: Assets/Idle4Skele.cs
  artifactKey: Guid(9f2334565b586eb4e939d4382febfd26) Importer(815301076,1909f56bfc062723c751e8b465ee728b)
Start importing Assets/Idle4Skele.cs using Guid(9f2334565b586eb4e939d4382febfd26) Importer(815301076,1909f56bfc062723c751e8b465ee728b)  -> (artifact id: '4f43a495af65dc8fadcabd1f260e99c8') in 0.013900 seconds
  Import took 0.016946 seconds .

========================================================================
Received Import Request.
  Time since last request: 0.027455 seconds.
  path: Assets/Idle4Skele.cs
  artifactKey: Guid(9f2334565b586eb4e939d4382febfd26) Importer(815301076,1909f56bfc062723c751e8b465ee728b)
Start importing Assets/Idle4Skele.cs using Guid(9f2334565b586eb4e939d4382febfd26) Importer(815301076,1909f56bfc062723c751e8b465ee728b)  -> (artifact id: '4f43a495af65dc8fadcabd1f260e99c8') in 0.005627 seconds
  Import took 0.008977 seconds .

========================================================================
Received Prepare
Registering precompiled user dll's ...
Registered in 0.001677 seconds.
Begin MonoManager ReloadAssembly
Native extension for WindowsStandalone target not found
Refreshing native plugins compatible for Editor in 0.67 ms, found 1 plugins.
Preloading 0 native plugins for Editor in 0.00 ms.
Mono: successfully reloaded assembly
- Completed reload, in  1.203 seconds
Platform modules already initialized, skipping
Refreshing native plugins compatible for Editor in 0.43 ms, found 1 plugins.
Preloading 0 native plugins for Editor in 0.00 ms.
Unloading 1818 Unused Serialized files (Serialized files now loaded: 0)
System memory in use before: 89.0 MB.
System memory in use after: 88.9 MB.

Unloading 12 unused Assets to reduce memory usage. Loaded Objects now: 2340.
Total: 2.678900 ms (FindLiveObjects: 0.226600 ms CreateObjectMapping: 0.051100 ms MarkObjects: 2.241200 ms  DeleteObjects: 0.158200 ms)

========================================================================
Received Prepare
Registering precompiled user dll's ...
Registered in 0.001628 seconds.
Begin MonoManager ReloadAssembly
Native extension for WindowsStandalone target not found
Refreshing native plugins compatible for Editor in 0.73 ms, found 1 plugins.
Preloading 0 native plugins for Editor in 0.00 ms.
Mono: successfully reloaded assembly
- Completed reload, in  1.152 seconds
Platform modules already initialized, skipping
Refreshing native plugins compatible for Editor in 0.41 ms, found 1 plugins.
Preloading 0 native plugins for Editor in 0.00 ms.
Unloading 1818 Unused Serialized files (Serialized files now loaded: 0)
System memory in use before: 89.0 MB.
System memory in use after: 89.0 MB.

Unloading 12 unused Assets to reduce memory usage. Loaded Objects now: 2344.
Total: 2.709300 ms (FindLiveObjects: 0.237800 ms CreateObjectMapping: 0.052700 ms MarkObjects: 2.253400 ms  DeleteObjects: 0.163700 ms)

========================================================================
Received Prepare
Registering precompiled user dll's ...
Registered in 0.001548 seconds.
Begin MonoManager ReloadAssembly
Native extension for WindowsStandalone target not found
Refreshing native plugins compatible for Editor in 0.59 ms, found 1 plugins.
Preloading 0 native plugins for Editor in 0.00 ms.
Mono: successfully reloaded assembly
- Completed reload, in  1.204 seconds
Platform modules already initialized, skipping
Refreshing native plugins compatible for Editor in 0.69 ms, found 1 plugins.
Preloading 0 native plugins for Editor in 0.00 ms.
Unloading 1818 Unused Serialized files (Serialized files now loaded: 0)
System memory in use before: 89.0 MB.
System memory in use after: 89.0 MB.

Unloading 12 unused Assets to reduce memory usage. Loaded Objects now: 2348.
Total: 2.798900 ms (FindLiveObjects: 0.226300 ms CreateObjectMapping: 0.049300 ms MarkObjects: 2.368000 ms  DeleteObjects: 0.153500 ms)

========================================================================
Received Import Request.
  Time since last request: 612.905864 seconds.
  path: Assets/Animations/SkeleBoss/ChestAttack1.anim
  artifactKey: Guid(170bfb0121929254e9624ed224456303) Importer(815301076,1909f56bfc062723c751e8b465ee728b)
Start importing Assets/Animations/SkeleBoss/ChestAttack1.anim using Guid(170bfb0121929254e9624ed224456303) Importer(815301076,1909f56bfc062723c751e8b465ee728b)  -> (artifact id: '03767006bee9b7cca5ea7498b93072d8') in 0.028097 seconds
  Import took 0.031889 seconds .

========================================================================
Received Import Request.
  Time since last request: 1.697456 seconds.
  path: Assets/Animations/SkeleBoss/ChestAttack1 1.anim
  artifactKey: Guid(27aae7f98dcf1cc48a5790bb15a314f7) Importer(815301076,1909f56bfc062723c751e8b465ee728b)
Start importing Assets/Animations/SkeleBoss/ChestAttack1 1.anim using Guid(27aae7f98dcf1cc48a5790bb15a314f7) Importer(815301076,1909f56bfc062723c751e8b465ee728b)  -> (artifact id: '98552c6f3d4ffbcdff97c4f1da3043e5') in 0.010723 seconds
  Import took 0.014754 seconds .

========================================================================
Received Import Request.
  Time since last request: 0.638094 seconds.
  path: Assets/Animations/SkeleBoss/ChestAttack1.anim
  artifactKey: Guid(170bfb0121929254e9624ed224456303) Importer(815301076,1909f56bfc062723c751e8b465ee728b)
Start importing Assets/Animations/SkeleBoss/ChestAttack1.anim using Guid(170bfb0121929254e9624ed224456303) Importer(815301076,1909f56bfc062723c751e8b465ee728b)  -> (artifact id: 'c308c4999f4d93417ec5d65253d1dd98') in 0.008372 seconds
  Import took 0.012200 seconds .

========================================================================
Received Import Request.
  Time since last request: 10.021722 seconds.
  path: Assets/Animations/SkeleBoss/ChestAttack2.anim
  artifactKey: Guid(27aae7f98dcf1cc48a5790bb15a314f7) Importer(815301076,1909f56bfc062723c751e8b465ee728b)
Start importing Assets/Animations/SkeleBoss/ChestAttack2.anim using Guid(27aae7f98dcf1cc48a5790bb15a314f7) Importer(815301076,1909f56bfc062723c751e8b465ee728b)  -> (artifact id: '7c73cfdd103ff279e6c6cad7320b360a') in 0.008612 seconds
  Import took 0.011862 seconds .

========================================================================
Received Import Request.
  Time since last request: 2.140459 seconds.
  path: Assets/Animations/SkeleBoss/ChestAttack2 1.anim
  artifactKey: Guid(7dee15b0285355648bc44a9c25ac8ab6) Importer(815301076,1909f56bfc062723c751e8b465ee728b)
Start importing Assets/Animations/SkeleBoss/ChestAttack2 1.anim using Guid(7dee15b0285355648bc44a9c25ac8ab6) Importer(815301076,1909f56bfc062723c751e8b465ee728b)  -> (artifact id: 'ed32a9b25c4347df24a1990c7fefe559') in 0.008391 seconds
  Import took 0.011795 seconds .

========================================================================
Received Import Request.
  Time since last request: 7.439694 seconds.
  path: Assets/Animations/SkeleBoss/ChestAttack3.anim
  artifactKey: Guid(7dee15b0285355648bc44a9c25ac8ab6) Importer(815301076,1909f56bfc062723c751e8b465ee728b)
Start importing Assets/Animations/SkeleBoss/ChestAttack3.anim using Guid(7dee15b0285355648bc44a9c25ac8ab6) Importer(815301076,1909f56bfc062723c751e8b465ee728b)  -> (artifact id: 'd4053358096363f02624c13e511a23d5') in 0.007815 seconds
  Import took 0.010999 seconds .

========================================================================
Received Import Request.
  Time since last request: 10.234778 seconds.
  path: Assets/Animations/SkeleBoss/SkeleBoss.controller
  artifactKey: Guid(c0443e82248f56348bbc1318f1896642) Importer(815301076,1909f56bfc062723c751e8b465ee728b)
Start importing Assets/Animations/SkeleBoss/SkeleBoss.controller using Guid(c0443e82248f56348bbc1318f1896642) Importer(815301076,1909f56bfc062723c751e8b465ee728b)  -> (artifact id: '521a9a682a162c13718ee0ca28171dca') in 0.026101 seconds
  Import took 0.029597 seconds .

========================================================================
Received Import Request.
  Time since last request: 515.533659 seconds.
  path: Assets/Animations/SkeleBoss/SkeleBoss.controller
  artifactKey: Guid(c0443e82248f56348bbc1318f1896642) Importer(815301076,1909f56bfc062723c751e8b465ee728b)
Start importing Assets/Animations/SkeleBoss/SkeleBoss.controller using Guid(c0443e82248f56348bbc1318f1896642) Importer(815301076,1909f56bfc062723c751e8b465ee728b)  -> (artifact id: '3ffe3c51a9e13f5a9404ee374cbb3689') in 0.023781 seconds
  Import took 0.028385 seconds .

========================================================================
Received Prepare
Registering precompiled user dll's ...
Registered in 0.001691 seconds.
Begin MonoManager ReloadAssembly
Native extension for WindowsStandalone target not found
Refreshing native plugins compatible for Editor in 0.51 ms, found 1 plugins.
Preloading 0 native plugins for Editor in 0.00 ms.
Mono: successfully reloaded assembly
- Completed reload, in  1.220 seconds
Platform modules already initialized, skipping
Refreshing native plugins compatible for Editor in 0.40 ms, found 1 plugins.
Preloading 0 native plugins for Editor in 0.00 ms.
Unloading 1818 Unused Serialized files (Serialized files now loaded: 0)
System memory in use before: 89.0 MB.
System memory in use after: 89.0 MB.

Unloading 12 unused Assets to reduce memory usage. Loaded Objects now: 2352.
Total: 3.112700 ms (FindLiveObjects: 0.246600 ms CreateObjectMapping: 0.054700 ms MarkObjects: 2.653300 ms  DeleteObjects: 0.156300 ms)

========================================================================
Received Prepare
Registering precompiled user dll's ...
Registered in 0.001632 seconds.
Begin MonoManager ReloadAssembly
Native extension for WindowsStandalone target not found
Refreshing native plugins compatible for Editor in 0.43 ms, found 1 plugins.
Preloading 0 native plugins for Editor in 0.00 ms.
Mono: successfully reloaded assembly
- Completed reload, in  1.101 seconds
Platform modules already initialized, skipping
Refreshing native plugins compatible for Editor in 0.51 ms, found 1 plugins.
Preloading 0 native plugins for Editor in 0.00 ms.
Unloading 1818 Unused Serialized files (Serialized files now loaded: 0)
System memory in use before: 89.0 MB.
System memory in use after: 89.0 MB.

Unloading 12 unused Assets to reduce memory usage. Loaded Objects now: 2356.
Total: 2.869300 ms (FindLiveObjects: 0.229100 ms CreateObjectMapping: 0.053100 ms MarkObjects: 2.431500 ms  DeleteObjects: 0.153900 ms)

========================================================================
Received Prepare
Registering precompiled user dll's ...
Registered in 0.001491 seconds.
Begin MonoManager ReloadAssembly
Native extension for WindowsStandalone target not found
Refreshing native plugins compatible for Editor in 0.42 ms, found 1 plugins.
Preloading 0 native plugins for Editor in 0.00 ms.
Mono: successfully reloaded assembly
- Completed reload, in  1.169 seconds
Platform modules already initialized, skipping
Refreshing native plugins compatible for Editor in 0.41 ms, found 1 plugins.
Preloading 0 native plugins for Editor in 0.00 ms.
Unloading 1818 Unused Serialized files (Serialized files now loaded: 0)
System memory in use before: 89.0 MB.
System memory in use after: 89.0 MB.

Unloading 12 unused Assets to reduce memory usage. Loaded Objects now: 2360.
Total: 2.570000 ms (FindLiveObjects: 0.235100 ms CreateObjectMapping: 0.054900 ms MarkObjects: 2.140300 ms  DeleteObjects: 0.137800 ms)

========================================================================
Received Prepare
Registering precompiled user dll's ...
Registered in 0.001589 seconds.
Begin MonoManager ReloadAssembly
Native extension for WindowsStandalone target not found
Refreshing native plugins compatible for Editor in 0.51 ms, found 1 plugins.
Preloading 0 native plugins for Editor in 0.00 ms.
Mono: successfully reloaded assembly
- Completed reload, in  1.188 seconds
Platform modules already initialized, skipping
Refreshing native plugins compatible for Editor in 0.44 ms, found 1 plugins.
Preloading 0 native plugins for Editor in 0.00 ms.
Unloading 1818 Unused Serialized files (Serialized files now loaded: 0)
System memory in use before: 89.0 MB.
System memory in use after: 89.0 MB.

Unloading 12 unused Assets to reduce memory usage. Loaded Objects now: 2364.
Total: 2.691900 ms (FindLiveObjects: 0.231300 ms CreateObjectMapping: 0.044500 ms MarkObjects: 2.266400 ms  DeleteObjects: 0.147700 ms)

========================================================================
Received Prepare
Registering precompiled user dll's ...
Registered in 0.001653 seconds.
Begin MonoManager ReloadAssembly
Native extension for WindowsStandalone target not found
Refreshing native plugins compatible for Editor in 0.46 ms, found 1 plugins.
Preloading 0 native plugins for Editor in 0.00 ms.
Mono: successfully reloaded assembly
- Completed reload, in  1.147 seconds
Platform modules already initialized, skipping
Refreshing native plugins compatible for Editor in 0.44 ms, found 1 plugins.
Preloading 0 native plugins for Editor in 0.00 ms.
Unloading 1818 Unused Serialized files (Serialized files now loaded: 0)
System memory in use before: 89.0 MB.
System memory in use after: 89.0 MB.

Unloading 12 unused Assets to reduce memory usage. Loaded Objects now: 2368.
Total: 2.830400 ms (FindLiveObjects: 0.269100 ms CreateObjectMapping: 0.058900 ms MarkObjects: 2.342500 ms  DeleteObjects: 0.158300 ms)

========================================================================
Received Prepare
Registering precompiled user dll's ...
Registered in 0.001530 seconds.
Begin MonoManager ReloadAssembly
Native extension for WindowsStandalone target not found
Refreshing native plugins compatible for Editor in 0.41 ms, found 1 plugins.
Preloading 0 native plugins for Editor in 0.00 ms.
Mono: successfully reloaded assembly
- Completed reload, in  1.070 seconds
Platform modules already initialized, skipping
Refreshing native plugins compatible for Editor in 0.41 ms, found 1 plugins.
Preloading 0 native plugins for Editor in 0.00 ms.
Unloading 1818 Unused Serialized files (Serialized files now loaded: 0)
System memory in use before: 89.1 MB.
System memory in use after: 89.0 MB.

Unloading 12 unused Assets to reduce memory usage. Loaded Objects now: 2372.
Total: 2.715900 ms (FindLiveObjects: 0.237100 ms CreateObjectMapping: 0.052200 ms MarkObjects: 2.274100 ms  DeleteObjects: 0.150600 ms)

========================================================================
Received Prepare
Registering precompiled user dll's ...
Registered in 0.002118 seconds.
Begin MonoManager ReloadAssembly
Native extension for WindowsStandalone target not found
Refreshing native plugins compatible for Editor in 0.46 ms, found 1 plugins.
Preloading 0 native plugins for Editor in 0.00 ms.
Mono: successfully reloaded assembly
- Completed reload, in  1.050 seconds
Platform modules already initialized, skipping
Refreshing native plugins compatible for Editor in 0.45 ms, found 1 plugins.
Preloading 0 native plugins for Editor in 0.00 ms.
Unloading 1818 Unused Serialized files (Serialized files now loaded: 0)
System memory in use before: 89.1 MB.
System memory in use after: 89.0 MB.

Unloading 12 unused Assets to reduce memory usage. Loaded Objects now: 2376.
Total: 2.924100 ms (FindLiveObjects: 0.280800 ms CreateObjectMapping: 0.066300 ms MarkObjects: 2.422500 ms  DeleteObjects: 0.152500 ms)

========================================================================
Received Import Request.
  Time since last request: 1288.476678 seconds.
  path: Assets/Animations/SkeleBoss/Idle5.anim
  artifactKey: Guid(e93006d551eab2e4c8d2df1702d398cc) Importer(815301076,1909f56bfc062723c751e8b465ee728b)
Start importing Assets/Animations/SkeleBoss/Idle5.anim using Guid(e93006d551eab2e4c8d2df1702d398cc) Importer(815301076,1909f56bfc062723c751e8b465ee728b)  -> (artifact id: '8b9f8143c5f0079b4f096abd9d22d2c2') in 0.024902 seconds
  Import took 0.028762 seconds .

========================================================================
Received Import Request.
  Time since last request: 3.877127 seconds.
  path: Assets/Animations/SkeleBoss/Idle4.anim
  artifactKey: Guid(8bdc78432ed62ce4aadf984ef54e8a7d) Importer(815301076,1909f56bfc062723c751e8b465ee728b)
Start importing Assets/Animations/SkeleBoss/Idle4.anim using Guid(8bdc78432ed62ce4aadf984ef54e8a7d) Importer(815301076,1909f56bfc062723c751e8b465ee728b)  -> (artifact id: 'e0c8d66b8cf3d68f89ef8cb1d4f8b709') in 0.006641 seconds
  Import took 0.009995 seconds .

========================================================================
Received Import Request.
  Time since last request: 35.062718 seconds.
  path: Assets/Animations/SkeleBoss/Idle5.anim
  artifactKey: Guid(e93006d551eab2e4c8d2df1702d398cc) Importer(815301076,1909f56bfc062723c751e8b465ee728b)
Start importing Assets/Animations/SkeleBoss/Idle5.anim using Guid(e93006d551eab2e4c8d2df1702d398cc) Importer(815301076,1909f56bfc062723c751e8b465ee728b)  -> (artifact id: '41dfebc08df5a66fbb07546c4f220571') in 0.007065 seconds
  Import took 0.010075 seconds .

========================================================================
Received Prepare
Registering precompiled user dll's ...
Registered in 0.001665 seconds.
Begin MonoManager ReloadAssembly
Native extension for WindowsStandalone target not found
Refreshing native plugins compatible for Editor in 0.43 ms, found 1 plugins.
Preloading 0 native plugins for Editor in 0.00 ms.
Mono: successfully reloaded assembly
- Completed reload, in  1.041 seconds
Platform modules already initialized, skipping
Refreshing native plugins compatible for Editor in 0.40 ms, found 1 plugins.
Preloading 0 native plugins for Editor in 0.00 ms.
Unloading 1818 Unused Serialized files (Serialized files now loaded: 0)
System memory in use before: 89.1 MB.
System memory in use after: 89.1 MB.

Unloading 12 unused Assets to reduce memory usage. Loaded Objects now: 2380.
Total: 3.093900 ms (FindLiveObjects: 0.270200 ms CreateObjectMapping: 0.062500 ms MarkObjects: 2.605000 ms  DeleteObjects: 0.154400 ms)

========================================================================
Received Prepare
Registering precompiled user dll's ...
Registered in 0.001685 seconds.
Begin MonoManager ReloadAssembly
Native extension for WindowsStandalone target not found
Refreshing native plugins compatible for Editor in 0.50 ms, found 1 plugins.
Preloading 0 native plugins for Editor in 0.00 ms.
Mono: successfully reloaded assembly
- Completed reload, in  1.111 seconds
Platform modules already initialized, skipping
Refreshing native plugins compatible for Editor in 0.43 ms, found 1 plugins.
Preloading 0 native plugins for Editor in 0.00 ms.
Unloading 1818 Unused Serialized files (Serialized files now loaded: 0)
System memory in use before: 89.1 MB.
System memory in use after: 89.1 MB.

Unloading 12 unused Assets to reduce memory usage. Loaded Objects now: 2384.
Total: 2.518000 ms (FindLiveObjects: 0.258400 ms CreateObjectMapping: 0.060000 ms MarkObjects: 2.059200 ms  DeleteObjects: 0.139000 ms)

========================================================================
Received Prepare
Registering precompiled user dll's ...
Registered in 0.001420 seconds.
Begin MonoManager ReloadAssembly
Native extension for WindowsStandalone target not found
Refreshing native plugins compatible for Editor in 0.80 ms, found 1 plugins.
Preloading 0 native plugins for Editor in 0.00 ms.
Mono: successfully reloaded assembly
- Completed reload, in  1.334 seconds
Platform modules already initialized, skipping
Refreshing native plugins compatible for Editor in 0.68 ms, found 1 plugins.
Preloading 0 native plugins for Editor in 0.00 ms.
Unloading 1818 Unused Serialized files (Serialized files now loaded: 0)
System memory in use before: 89.1 MB.
System memory in use after: 89.1 MB.

Unloading 12 unused Assets to reduce memory usage. Loaded Objects now: 2388.
Total: 4.336900 ms (FindLiveObjects: 0.775600 ms CreateObjectMapping: 0.490800 ms MarkObjects: 2.928300 ms  DeleteObjects: 0.140400 ms)

========================================================================
Received Prepare
Registering precompiled user dll's ...
Registered in 0.001510 seconds.
Begin MonoManager ReloadAssembly
Native extension for WindowsStandalone target not found
Refreshing native plugins compatible for Editor in 0.40 ms, found 1 plugins.
Preloading 0 native plugins for Editor in 0.00 ms.
Mono: successfully reloaded assembly
- Completed reload, in  1.495 seconds
Platform modules already initialized, skipping
Refreshing native plugins compatible for Editor in 0.68 ms, found 1 plugins.
Preloading 0 native plugins for Editor in 0.00 ms.
Unloading 1818 Unused Serialized files (Serialized files now loaded: 0)
System memory in use before: 89.1 MB.
System memory in use after: 89.1 MB.

Unloading 12 unused Assets to reduce memory usage. Loaded Objects now: 2392.
Total: 4.015900 ms (FindLiveObjects: 0.323900 ms CreateObjectMapping: 0.102700 ms MarkObjects: 3.389800 ms  DeleteObjects: 0.197300 ms)

========================================================================
Received Prepare
Registering precompiled user dll's ...
Registered in 0.001823 seconds.
Begin MonoManager ReloadAssembly
Native extension for WindowsStandalone target not found
Refreshing native plugins compatible for Editor in 0.66 ms, found 1 plugins.
Preloading 0 native plugins for Editor in 0.00 ms.
Mono: successfully reloaded assembly
- Completed reload, in  1.168 seconds
Platform modules already initialized, skipping
Refreshing native plugins compatible for Editor in 0.43 ms, found 1 plugins.
Preloading 0 native plugins for Editor in 0.00 ms.
Unloading 1818 Unused Serialized files (Serialized files now loaded: 0)
System memory in use before: 89.1 MB.
System memory in use after: 89.1 MB.

Unloading 12 unused Assets to reduce memory usage. Loaded Objects now: 2396.
Total: 3.342100 ms (FindLiveObjects: 0.327600 ms CreateObjectMapping: 0.066300 ms MarkObjects: 2.776900 ms  DeleteObjects: 0.169100 ms)

========================================================================
Received Prepare
Registering precompiled user dll's ...
Registered in 0.001540 seconds.
Begin MonoManager ReloadAssembly
Native extension for WindowsStandalone target not found
Refreshing native plugins compatible for Editor in 0.66 ms, found 1 plugins.
Preloading 0 native plugins for Editor in 0.00 ms.
Mono: successfully reloaded assembly
- Completed reload, in  1.230 seconds
Platform modules already initialized, skipping
Refreshing native plugins compatible for Editor in 0.43 ms, found 1 plugins.
Preloading 0 native plugins for Editor in 0.00 ms.
Unloading 1818 Unused Serialized files (Serialized files now loaded: 0)
System memory in use before: 89.1 MB.
System memory in use after: 89.1 MB.

Unloading 12 unused Assets to reduce memory usage. Loaded Objects now: 2400.
Total: 2.613600 ms (FindLiveObjects: 0.236400 ms CreateObjectMapping: 0.050600 ms MarkObjects: 2.175900 ms  DeleteObjects: 0.149300 ms)

========================================================================
Received Prepare
Registering precompiled user dll's ...
Registered in 0.001977 seconds.
Begin MonoManager ReloadAssembly
Native extension for WindowsStandalone target not found
Refreshing native plugins compatible for Editor in 0.61 ms, found 1 plugins.
Preloading 0 native plugins for Editor in 0.00 ms.
Mono: successfully reloaded assembly
- Completed reload, in  1.206 seconds
Platform modules already initialized, skipping
Refreshing native plugins compatible for Editor in 0.54 ms, found 1 plugins.
Preloading 0 native plugins for Editor in 0.00 ms.
Unloading 1818 Unused Serialized files (Serialized files now loaded: 0)
System memory in use before: 89.1 MB.
System memory in use after: 89.1 MB.

Unloading 12 unused Assets to reduce memory usage. Loaded Objects now: 2404.
Total: 2.732600 ms (FindLiveObjects: 0.268300 ms CreateObjectMapping: 0.049100 ms MarkObjects: 2.247900 ms  DeleteObjects: 0.165600 ms)

========================================================================
Received Prepare
Registering precompiled user dll's ...
Registered in 0.001450 seconds.
Begin MonoManager ReloadAssembly
Native extension for WindowsStandalone target not found
Refreshing native plugins compatible for Editor in 0.42 ms, found 1 plugins.
Preloading 0 native plugins for Editor in 0.00 ms.
Mono: successfully reloaded assembly
- Completed reload, in  1.204 seconds
Platform modules already initialized, skipping
Refreshing native plugins compatible for Editor in 0.45 ms, found 1 plugins.
Preloading 0 native plugins for Editor in 0.00 ms.
Unloading 1818 Unused Serialized files (Serialized files now loaded: 0)
System memory in use before: 89.1 MB.
System memory in use after: 89.1 MB.

Unloading 12 unused Assets to reduce memory usage. Loaded Objects now: 2408.
Total: 2.612000 ms (FindLiveObjects: 0.244800 ms CreateObjectMapping: 0.052500 ms MarkObjects: 2.179800 ms  DeleteObjects: 0.133600 ms)

========================================================================
Received Prepare
Registering precompiled user dll's ...
Registered in 0.001799 seconds.
Begin MonoManager ReloadAssembly
Native extension for WindowsStandalone target not found
Refreshing native plugins compatible for Editor in 0.41 ms, found 1 plugins.
Preloading 0 native plugins for Editor in 0.00 ms.
Mono: successfully reloaded assembly
- Completed reload, in  1.188 seconds
Platform modules already initialized, skipping
Refreshing native plugins compatible for Editor in 0.44 ms, found 1 plugins.
Preloading 0 native plugins for Editor in 0.00 ms.
Unloading 1819 Unused Serialized files (Serialized files now loaded: 0)
System memory in use before: 89.2 MB.
System memory in use after: 89.1 MB.

Unloading 12 unused Assets to reduce memory usage. Loaded Objects now: 2413.
Total: 2.979500 ms (FindLiveObjects: 0.261500 ms CreateObjectMapping: 0.064800 ms MarkObjects: 2.482600 ms  DeleteObjects: 0.168700 ms)

========================================================================
Received Import Request.
  Time since last request: 2745.559171 seconds.
  path: Assets/Idle4Skele.cs
  artifactKey: Guid(9f2334565b586eb4e939d4382febfd26) Importer(815301076,1909f56bfc062723c751e8b465ee728b)
Start importing Assets/Idle4Skele.cs using Guid(9f2334565b586eb4e939d4382febfd26) Importer(815301076,1909f56bfc062723c751e8b465ee728b)  -> (artifact id: '097ff6455cc452a3ec8e48502284d50a') in 0.009075 seconds
  Import took 0.012376 seconds .

========================================================================
Received Import Request.
  Time since last request: 0.033838 seconds.
  path: Assets/Idle4Skele.cs
  artifactKey: Guid(9f2334565b586eb4e939d4382febfd26) Importer(815301076,1909f56bfc062723c751e8b465ee728b)
Start importing Assets/Idle4Skele.cs using Guid(9f2334565b586eb4e939d4382febfd26) Importer(815301076,1909f56bfc062723c751e8b465ee728b)  -> (artifact id: '097ff6455cc452a3ec8e48502284d50a') in 0.006878 seconds
  Import took 0.010731 seconds .

========================================================================
Received Prepare
Registering precompiled user dll's ...
Registered in 0.001608 seconds.
Begin MonoManager ReloadAssembly
Native extension for WindowsStandalone target not found
Refreshing native plugins compatible for Editor in 0.45 ms, found 1 plugins.
Preloading 0 native plugins for Editor in 0.00 ms.
Mono: successfully reloaded assembly
- Completed reload, in  1.139 seconds
Platform modules already initialized, skipping
Refreshing native plugins compatible for Editor in 0.41 ms, found 1 plugins.
Preloading 0 native plugins for Editor in 0.00 ms.
Unloading 1819 Unused Serialized files (Serialized files now loaded: 0)
System memory in use before: 89.2 MB.
System memory in use after: 89.2 MB.

Unloading 12 unused Assets to reduce memory usage. Loaded Objects now: 2417.
Total: 2.824000 ms (FindLiveObjects: 0.239100 ms CreateObjectMapping: 0.058800 ms MarkObjects: 2.368900 ms  DeleteObjects: 0.155500 ms)

========================================================================
Received Import Request.
  Time since last request: 63.581249 seconds.
  path: Assets/Scripts/Bosses/SkeleBoss/Idle5Skele.cs
  artifactKey: Guid(87cfb2be4a70ed24b8711fdb12765246) Importer(815301076,1909f56bfc062723c751e8b465ee728b)
Start importing Assets/Scripts/Bosses/SkeleBoss/Idle5Skele.cs using Guid(87cfb2be4a70ed24b8711fdb12765246) Importer(815301076,1909f56bfc062723c751e8b465ee728b)  -> (artifact id: 'f39fcf73b039113c26b23dba98258806') in 0.010825 seconds
  Import took 0.014451 seconds .

========================================================================
Received Prepare
Registering precompiled user dll's ...
Registered in 0.001439 seconds.
Begin MonoManager ReloadAssembly
Native extension for WindowsStandalone target not found
Refreshing native plugins compatible for Editor in 0.45 ms, found 1 plugins.
Preloading 0 native plugins for Editor in 0.00 ms.
Mono: successfully reloaded assembly
- Completed reload, in  1.137 seconds
Platform modules already initialized, skipping
Refreshing native plugins compatible for Editor in 0.62 ms, found 1 plugins.
Preloading 0 native plugins for Editor in 0.00 ms.
Unloading 1819 Unused Serialized files (Serialized files now loaded: 0)
System memory in use before: 89.2 MB.
System memory in use after: 89.2 MB.

Unloading 12 unused Assets to reduce memory usage. Loaded Objects now: 2421.
Total: 3.088500 ms (FindLiveObjects: 0.276100 ms CreateObjectMapping: 0.060100 ms MarkObjects: 2.575400 ms  DeleteObjects: 0.174900 ms)

========================================================================
Received Import Request.
  Time since last request: 75.852336 seconds.
  path: Assets/Scripts/Bosses/SkeleBoss/Idle5Skele.cs
  artifactKey: Guid(87cfb2be4a70ed24b8711fdb12765246) Importer(815301076,1909f56bfc062723c751e8b465ee728b)
Start importing Assets/Scripts/Bosses/SkeleBoss/Idle5Skele.cs using Guid(87cfb2be4a70ed24b8711fdb12765246) Importer(815301076,1909f56bfc062723c751e8b465ee728b)  -> (artifact id: '102116c9118be187dc616cf423396f95') in 0.008665 seconds
  Import took 0.011941 seconds .

========================================================================
Received Prepare
Registering precompiled user dll's ...
Registered in 0.001803 seconds.
Begin MonoManager ReloadAssembly
Native extension for WindowsStandalone target not found
Refreshing native plugins compatible for Editor in 0.42 ms, found 1 plugins.
Preloading 0 native plugins for Editor in 0.00 ms.
Mono: successfully reloaded assembly
- Completed reload, in  1.100 seconds
Platform modules already initialized, skipping
Refreshing native plugins compatible for Editor in 0.42 ms, found 1 plugins.
Preloading 0 native plugins for Editor in 0.00 ms.
Unloading 1819 Unused Serialized files (Serialized files now loaded: 0)
System memory in use before: 89.2 MB.
System memory in use after: 89.2 MB.

Unloading 12 unused Assets to reduce memory usage. Loaded Objects now: 2425.
Total: 2.621900 ms (FindLiveObjects: 0.242900 ms CreateObjectMapping: 0.053900 ms MarkObjects: 2.185000 ms  DeleteObjects: 0.138200 ms)

========================================================================
Received Import Request.
  Time since last request: 70.092552 seconds.
  path: Assets/Scripts/Bosses/SkeleBoss/Idle5Skele.cs
  artifactKey: Guid(87cfb2be4a70ed24b8711fdb12765246) Importer(815301076,1909f56bfc062723c751e8b465ee728b)
Start importing Assets/Scripts/Bosses/SkeleBoss/Idle5Skele.cs using Guid(87cfb2be4a70ed24b8711fdb12765246) Importer(815301076,1909f56bfc062723c751e8b465ee728b)  -> (artifact id: 'bc1a7c88a0ef883ec77e906eeb5afe37') in 0.010372 seconds
  Import took 0.014294 seconds .

========================================================================
Received Prepare
Registering precompiled user dll's ...
Registered in 0.001501 seconds.
Begin MonoManager ReloadAssembly
Native extension for WindowsStandalone target not found
Refreshing native plugins compatible for Editor in 0.42 ms, found 1 plugins.
Preloading 0 native plugins for Editor in 0.00 ms.
Mono: successfully reloaded assembly
- Completed reload, in  1.039 seconds
Platform modules already initialized, skipping
Refreshing native plugins compatible for Editor in 0.41 ms, found 1 plugins.
Preloading 0 native plugins for Editor in 0.00 ms.
Unloading 1819 Unused Serialized files (Serialized files now loaded: 0)
System memory in use before: 89.2 MB.
System memory in use after: 89.2 MB.

Unloading 12 unused Assets to reduce memory usage. Loaded Objects now: 2429.
Total: 3.134500 ms (FindLiveObjects: 0.369200 ms CreateObjectMapping: 0.213700 ms MarkObjects: 2.410500 ms  DeleteObjects: 0.138300 ms)

AssetImportWorkerClient::OnTransportError - code=2 error=End of file
